2025-09-22 14:57:36, MOVE, v:1, k:toalha, mode:PICK
2025-09-22 14:57:37, EXEC, v:1, k:toalha, mode:LOCK, rate:0, size:64
2025-09-22 14:57:42, MOVE, v:1, k:toalha, mode:BACK
2025-09-22 15:10:35, MOVE, v:1, k:toalha, mode:PICK
2025-09-22 15:10:36, EXEC, v:1, k:toalha, mode:LOCK, rate:0
2025-09-22 15:10:45, MOVE, v:1, k:toalha, mode:BACK
2025-09-22 15:11:16, MOVE, v:1, k:toalha, mode:PICK
2025-09-22 15:11:16, EXEC, v:1, k:toalha, mode:LOCK, rate:100, size:35
2025-09-22 15:11:18, MOVE, v:1, k:toalha, mode:BACK
2025-09-22 15:11:45, MOVE, v:1, k:toalha, mode:PICK
2025-09-22 15:11:46, EXEC, v:1, k:toalha, mode:LOCK, rate:0, size:61
2025-09-22 15:11:49, MOVE, v:1, k:toalha, mode:BACK
2025-09-22 15:12:09, MOVE, v:1, k:toalha, mode:PICK
2025-09-22 15:12:10, EXEC, v:1, k:toalha, mode:LOCK, rate:0
2025-09-22 15:12:11, MOVE, v:1, k:toalha, mode:BACK
2025-09-22 15:14:05, MOVE, v:1, k:enxugar, mode:DOWN
2025-09-22 15:14:20, MOVE, v:1, k:enxugar, mode:PICK
2025-09-22 15:14:23, EXEC, v:1, k:enxugar, mode:FULL, rate:0, size:61
2025-09-22 15:14:39, MOVE, v:1, k:enxugar, mode:BACK
2025-09-22 15:15:10, MOVE, v:1, k:enxugar, mode:PICK
2025-09-22 15:15:13, EXEC, v:1, k:enxugar, mode:FULL, rate:0, size:61
2025-09-22 15:15:30, MOVE, v:1, k:enxugar, mode:BACK
2025-09-22 15:16:32, SELF, v:1, k:enxugar, guide:_, alone:2
